<?xml version="1.0" encoding="UTF-8"?>
<testsuite xmlns:xsi="http://www.w3.org/2001/XMLSchema-instance" xsi:noNamespaceSchemaLocation="https://maven.apache.org/surefire/maven-surefire-plugin/xsd/surefire-test-report.xsd" name="com.tangxy.soccerpro.SoccerProApplicationTests" time="4.195" tests="1" errors="0" skipped="0" failures="0">
  <properties>
    <property name="sun.desktop" value="windows"/>
    <property name="awt.toolkit" value="sun.awt.windows.WToolkit"/>
    <property name="file.encoding.pkg" value="sun.io"/>
    <property name="java.specification.version" value="1.8"/>
    <property name="sun.cpu.isalist" value="amd64"/>
    <property name="sun.jnu.encoding" value="GBK"/>
    <property name="java.class.path" value="F:\idea\soccerPro\target\test-classes;F:\idea\soccerPro\target\classes;F:\maven-repo\com\auth0\java-jwt\3.4.0\java-jwt-3.4.0.jar;F:\maven-repo\com\fasterxml\jackson\core\jackson-databind\2.11.3\jackson-databind-2.11.3.jar;F:\maven-repo\com\fasterxml\jackson\core\jackson-annotations\2.11.3\jackson-annotations-2.11.3.jar;F:\maven-repo\com\fasterxml\jackson\core\jackson-core\2.11.3\jackson-core-2.11.3.jar;F:\maven-repo\commons-codec\commons-codec\1.14\commons-codec-1.14.jar;F:\maven-repo\org\springframework\boot\spring-boot-starter-data-redis\2.3.7.RELEASE\spring-boot-starter-data-redis-2.3.7.RELEASE.jar;F:\maven-repo\org\springframework\boot\spring-boot-starter\2.3.7.RELEASE\spring-boot-starter-2.3.7.RELEASE.jar;F:\maven-repo\org\springframework\boot\spring-boot\2.3.7.RELEASE\spring-boot-2.3.7.RELEASE.jar;F:\maven-repo\org\springframework\boot\spring-boot-autoconfigure\2.3.7.RELEASE\spring-boot-autoconfigure-2.3.7.RELEASE.jar;F:\maven-repo\org\springframework\boot\spring-boot-starter-logging\2.3.7.RELEASE\spring-boot-starter-logging-2.3.7.RELEASE.jar;F:\maven-repo\ch\qos\logback\logback-classic\1.2.3\logback-classic-1.2.3.jar;F:\maven-repo\ch\qos\logback\logback-core\1.2.3\logback-core-1.2.3.jar;F:\maven-repo\org\apache\logging\log4j\log4j-to-slf4j\2.13.3\log4j-to-slf4j-2.13.3.jar;F:\maven-repo\org\apache\logging\log4j\log4j-api\2.13.3\log4j-api-2.13.3.jar;F:\maven-repo\org\slf4j\jul-to-slf4j\1.7.30\jul-to-slf4j-1.7.30.jar;F:\maven-repo\jakarta\annotation\jakarta.annotation-api\1.3.5\jakarta.annotation-api-1.3.5.jar;F:\maven-repo\org\yaml\snakeyaml\1.26\snakeyaml-1.26.jar;F:\maven-repo\org\springframework\data\spring-data-redis\2.3.6.RELEASE\spring-data-redis-2.3.6.RELEASE.jar;F:\maven-repo\org\springframework\data\spring-data-keyvalue\2.3.6.RELEASE\spring-data-keyvalue-2.3.6.RELEASE.jar;F:\maven-repo\org\springframework\spring-tx\5.2.12.RELEASE\spring-tx-5.2.12.RELEASE.jar;F:\maven-repo\org\springframework\spring-oxm\5.2.12.RELEASE\spring-oxm-5.2.12.RELEASE.jar;F:\maven-repo\org\springframework\spring-aop\5.2.12.RELEASE\spring-aop-5.2.12.RELEASE.jar;F:\maven-repo\io\lettuce\lettuce-core\5.3.5.RELEASE\lettuce-core-5.3.5.RELEASE.jar;F:\maven-repo\io\netty\netty-common\4.1.55.Final\netty-common-4.1.55.Final.jar;F:\maven-repo\io\netty\netty-handler\4.1.55.Final\netty-handler-4.1.55.Final.jar;F:\maven-repo\io\netty\netty-resolver\4.1.55.Final\netty-resolver-4.1.55.Final.jar;F:\maven-repo\io\netty\netty-buffer\4.1.55.Final\netty-buffer-4.1.55.Final.jar;F:\maven-repo\io\netty\netty-codec\4.1.55.Final\netty-codec-4.1.55.Final.jar;F:\maven-repo\io\netty\netty-transport\4.1.55.Final\netty-transport-4.1.55.Final.jar;F:\maven-repo\io\projectreactor\reactor-core\3.3.12.RELEASE\reactor-core-3.3.12.RELEASE.jar;F:\maven-repo\org\reactivestreams\reactive-streams\1.0.3\reactive-streams-1.0.3.jar;F:\maven-repo\redis\clients\jedis\3.3.0\jedis-3.3.0.jar;F:\maven-repo\org\slf4j\slf4j-api\1.7.30\slf4j-api-1.7.30.jar;F:\maven-repo\org\apache\commons\commons-pool2\2.8.1\commons-pool2-2.8.1.jar;F:\maven-repo\org\springframework\boot\spring-boot-starter-mail\2.3.7.RELEASE\spring-boot-starter-mail-2.3.7.RELEASE.jar;F:\maven-repo\org\springframework\spring-context-support\5.2.12.RELEASE\spring-context-support-5.2.12.RELEASE.jar;F:\maven-repo\org\springframework\spring-beans\5.2.12.RELEASE\spring-beans-5.2.12.RELEASE.jar;F:\maven-repo\org\springframework\spring-context\5.2.12.RELEASE\spring-context-5.2.12.RELEASE.jar;F:\maven-repo\com\sun\mail\jakarta.mail\1.6.5\jakarta.mail-1.6.5.jar;F:\maven-repo\com\sun\activation\jakarta.activation\1.2.2\jakarta.activation-1.2.2.jar;F:\maven-repo\com\sun\mail\javax.mail\1.6.2\javax.mail-1.6.2.jar;F:\maven-repo\javax\activation\activation\1.1\activation-1.1.jar;F:\maven-repo\cn\hutool\hutool-all\5.8.3\hutool-all-5.8.3.jar;F:\maven-repo\org\springframework\boot\spring-boot-starter-data-jdbc\2.3.7.RELEASE\spring-boot-starter-data-jdbc-2.3.7.RELEASE.jar;F:\maven-repo\org\springframework\boot\spring-boot-starter-jdbc\2.3.7.RELEASE\spring-boot-starter-jdbc-2.3.7.RELEASE.jar;F:\maven-repo\com\zaxxer\HikariCP\3.4.5\HikariCP-3.4.5.jar;F:\maven-repo\org\springframework\spring-jdbc\5.2.12.RELEASE\spring-jdbc-5.2.12.RELEASE.jar;F:\maven-repo\org\springframework\data\spring-data-jdbc\2.0.6.RELEASE\spring-data-jdbc-2.0.6.RELEASE.jar;F:\maven-repo\org\springframework\data\spring-data-relational\2.0.6.RELEASE\spring-data-relational-2.0.6.RELEASE.jar;F:\maven-repo\org\springframework\data\spring-data-commons\2.3.6.RELEASE\spring-data-commons-2.3.6.RELEASE.jar;F:\maven-repo\org\mybatis\spring\boot\mybatis-spring-boot-starter\2.2.2\mybatis-spring-boot-starter-2.2.2.jar;F:\maven-repo\org\mybatis\spring\boot\mybatis-spring-boot-autoconfigure\2.2.2\mybatis-spring-boot-autoconfigure-2.2.2.jar;F:\maven-repo\org\mybatis\mybatis\3.5.9\mybatis-3.5.9.jar;F:\maven-repo\org\mybatis\mybatis-spring\2.0.7\mybatis-spring-2.0.7.jar;F:\maven-repo\mysql\mysql-connector-java\8.0.22\mysql-connector-java-8.0.22.jar;F:\maven-repo\org\projectlombok\lombok\1.18.16\lombok-1.18.16.jar;F:\maven-repo\org\springframework\boot\spring-boot-starter-test\2.3.7.RELEASE\spring-boot-starter-test-2.3.7.RELEASE.jar;F:\maven-repo\org\springframework\boot\spring-boot-test\2.3.7.RELEASE\spring-boot-test-2.3.7.RELEASE.jar;F:\maven-repo\org\springframework\boot\spring-boot-test-autoconfigure\2.3.7.RELEASE\spring-boot-test-autoconfigure-2.3.7.RELEASE.jar;F:\maven-repo\com\jayway\jsonpath\json-path\2.4.0\json-path-2.4.0.jar;F:\maven-repo\net\minidev\json-smart\2.3\json-smart-2.3.jar;F:\maven-repo\net\minidev\accessors-smart\1.2\accessors-smart-1.2.jar;F:\maven-repo\org\ow2\asm\asm\5.0.4\asm-5.0.4.jar;F:\maven-repo\jakarta\xml\bind\jakarta.xml.bind-api\2.3.3\jakarta.xml.bind-api-2.3.3.jar;F:\maven-repo\jakarta\activation\jakarta.activation-api\1.2.2\jakarta.activation-api-1.2.2.jar;F:\maven-repo\org\assertj\assertj-core\3.16.1\assertj-core-3.16.1.jar;F:\maven-repo\org\hamcrest\hamcrest\2.2\hamcrest-2.2.jar;F:\maven-repo\org\junit\jupiter\junit-jupiter\5.6.3\junit-jupiter-5.6.3.jar;F:\maven-repo\org\junit\jupiter\junit-jupiter-api\5.6.3\junit-jupiter-api-5.6.3.jar;F:\maven-repo\org\opentest4j\opentest4j\1.2.0\opentest4j-1.2.0.jar;F:\maven-repo\org\junit\platform\junit-platform-commons\1.6.3\junit-platform-commons-1.6.3.jar;F:\maven-repo\org\junit\jupiter\junit-jupiter-params\5.6.3\junit-jupiter-params-5.6.3.jar;F:\maven-repo\org\junit\jupiter\junit-jupiter-engine\5.6.3\junit-jupiter-engine-5.6.3.jar;F:\maven-repo\org\junit\vintage\junit-vintage-engine\5.6.3\junit-vintage-engine-5.6.3.jar;F:\maven-repo\org\apiguardian\apiguardian-api\1.1.0\apiguardian-api-1.1.0.jar;F:\maven-repo\org\junit\platform\junit-platform-engine\1.6.3\junit-platform-engine-1.6.3.jar;F:\maven-repo\junit\junit\4.13.1\junit-4.13.1.jar;F:\maven-repo\org\mockito\mockito-core\3.3.3\mockito-core-3.3.3.jar;F:\maven-repo\net\bytebuddy\byte-buddy\1.10.18\byte-buddy-1.10.18.jar;F:\maven-repo\net\bytebuddy\byte-buddy-agent\1.10.18\byte-buddy-agent-1.10.18.jar;F:\maven-repo\org\objenesis\objenesis\2.6\objenesis-2.6.jar;F:\maven-repo\org\mockito\mockito-junit-jupiter\3.3.3\mockito-junit-jupiter-3.3.3.jar;F:\maven-repo\org\skyscreamer\jsonassert\1.5.0\jsonassert-1.5.0.jar;F:\maven-repo\com\vaadin\external\google\android-json\0.0.20131108.vaadin1\android-json-0.0.20131108.vaadin1.jar;F:\maven-repo\org\springframework\spring-core\5.2.12.RELEASE\spring-core-5.2.12.RELEASE.jar;F:\maven-repo\org\springframework\spring-jcl\5.2.12.RELEASE\spring-jcl-5.2.12.RELEASE.jar;F:\maven-repo\org\springframework\spring-test\5.2.12.RELEASE\spring-test-5.2.12.RELEASE.jar;F:\maven-repo\org\xmlunit\xmlunit-core\2.7.0\xmlunit-core-2.7.0.jar;F:\maven-repo\org\springframework\boot\spring-boot-starter-web\2.3.7.RELEASE\spring-boot-starter-web-2.3.7.RELEASE.jar;F:\maven-repo\org\springframework\boot\spring-boot-starter-json\2.3.7.RELEASE\spring-boot-starter-json-2.3.7.RELEASE.jar;F:\maven-repo\com\fasterxml\jackson\datatype\jackson-datatype-jdk8\2.11.3\jackson-datatype-jdk8-2.11.3.jar;F:\maven-repo\com\fasterxml\jackson\datatype\jackson-datatype-jsr310\2.11.3\jackson-datatype-jsr310-2.11.3.jar;F:\maven-repo\com\fasterxml\jackson\module\jackson-module-parameter-names\2.11.3\jackson-module-parameter-names-2.11.3.jar;F:\maven-repo\org\springframework\boot\spring-boot-starter-tomcat\2.3.7.RELEASE\spring-boot-starter-tomcat-2.3.7.RELEASE.jar;F:\maven-repo\org\apache\tomcat\embed\tomcat-embed-core\9.0.41\tomcat-embed-core-9.0.41.jar;F:\maven-repo\org\glassfish\jakarta.el\3.0.3\jakarta.el-3.0.3.jar;F:\maven-repo\org\apache\tomcat\embed\tomcat-embed-websocket\9.0.41\tomcat-embed-websocket-9.0.41.jar;F:\maven-repo\org\springframework\spring-web\5.2.12.RELEASE\spring-web-5.2.12.RELEASE.jar;F:\maven-repo\org\springframework\spring-webmvc\5.2.12.RELEASE\spring-webmvc-5.2.12.RELEASE.jar;F:\maven-repo\org\springframework\spring-expression\5.2.12.RELEASE\spring-expression-5.2.12.RELEASE.jar;F:\maven-repo\io\springfox\springfox-swagger2\2.7.0\springfox-swagger2-2.7.0.jar;F:\maven-repo\io\swagger\swagger-annotations\1.5.13\swagger-annotations-1.5.13.jar;F:\maven-repo\io\swagger\swagger-models\1.5.13\swagger-models-1.5.13.jar;F:\maven-repo\io\springfox\springfox-spi\2.7.0\springfox-spi-2.7.0.jar;F:\maven-repo\io\springfox\springfox-core\2.7.0\springfox-core-2.7.0.jar;F:\maven-repo\io\springfox\springfox-schema\2.7.0\springfox-schema-2.7.0.jar;F:\maven-repo\io\springfox\springfox-swagger-common\2.7.0\springfox-swagger-common-2.7.0.jar;F:\maven-repo\io\springfox\springfox-spring-web\2.7.0\springfox-spring-web-2.7.0.jar;F:\maven-repo\org\reflections\reflections\0.9.11\reflections-0.9.11.jar;F:\maven-repo\org\javassist\javassist\3.21.0-GA\javassist-3.21.0-GA.jar;F:\maven-repo\com\google\guava\guava\18.0\guava-18.0.jar;F:\maven-repo\com\fasterxml\classmate\1.5.1\classmate-1.5.1.jar;F:\maven-repo\org\springframework\plugin\spring-plugin-core\1.2.0.RELEASE\spring-plugin-core-1.2.0.RELEASE.jar;F:\maven-repo\org\springframework\plugin\spring-plugin-metadata\1.2.0.RELEASE\spring-plugin-metadata-1.2.0.RELEASE.jar;F:\maven-repo\org\mapstruct\mapstruct\1.1.0.Final\mapstruct-1.1.0.Final.jar;F:\maven-repo\io\springfox\springfox-swagger-ui\2.7.0\springfox-swagger-ui-2.7.0.jar;F:\maven-repo\com\github\xiaoymin\knife4j-spring-boot-starter\2.0.4\knife4j-spring-boot-starter-2.0.4.jar;F:\maven-repo\com\github\xiaoymin\knife4j-spring-boot-autoconfigure\2.0.4\knife4j-spring-boot-autoconfigure-2.0.4.jar;F:\maven-repo\com\github\xiaoymin\knife4j-spring\2.0.4\knife4j-spring-2.0.4.jar;F:\maven-repo\com\github\xiaoymin\knife4j-annotations\2.0.4\knife4j-annotations-2.0.4.jar;F:\maven-repo\com\github\xiaoymin\knife4j-core\2.0.4\knife4j-core-2.0.4.jar;F:\maven-repo\io\springfox\springfox-bean-validators\2.9.2\springfox-bean-validators-2.9.2.jar;F:\maven-repo\com\github\xiaoymin\knife4j-spring-ui\2.0.4\knife4j-spring-ui-2.0.4.jar;F:\maven-repo\com\github\penggle\kaptcha\2.3.2\kaptcha-2.3.2.jar;F:\maven-repo\javax\servlet\javax.servlet-api\4.0.1\javax.servlet-api-4.0.1.jar;F:\maven-repo\com\jhlabs\filters\2.0.235-1\filters-2.0.235-1.jar;"/>
    <property name="java.vm.vendor" value="Oracle Corporation"/>
    <property name="sun.arch.data.model" value="64"/>
    <property name="user.variant" value=""/>
    <property name="java.vendor.url" value="http://java.oracle.com/"/>
    <property name="user.timezone" value="Asia/Shanghai"/>
    <property name="java.vm.specification.version" value="1.8"/>
    <property name="os.name" value="Windows 10"/>
    <property name="user.country" value="CN"/>
    <property name="sun.java.launcher" value="SUN_STANDARD"/>
    <property name="sun.boot.library.path" value="E:\jdk\jdk1.8.0_251\jre\bin"/>
    <property name="sun.java.command" value="C:\Users\86191\AppData\Local\Temp\surefire3339257679473970443\surefirebooter8961403201325793460.jar C:\Users\86191\AppData\Local\Temp\surefire3339257679473970443 2022-10-17T16-07-45_377-jvmRun1 surefire1463029864579853472tmp surefire_05904664088799254803tmp"/>
    <property name="surefire.test.class.path" value="F:\idea\soccerPro\target\test-classes;F:\idea\soccerPro\target\classes;F:\maven-repo\com\auth0\java-jwt\3.4.0\java-jwt-3.4.0.jar;F:\maven-repo\com\fasterxml\jackson\core\jackson-databind\2.11.3\jackson-databind-2.11.3.jar;F:\maven-repo\com\fasterxml\jackson\core\jackson-annotations\2.11.3\jackson-annotations-2.11.3.jar;F:\maven-repo\com\fasterxml\jackson\core\jackson-core\2.11.3\jackson-core-2.11.3.jar;F:\maven-repo\commons-codec\commons-codec\1.14\commons-codec-1.14.jar;F:\maven-repo\org\springframework\boot\spring-boot-starter-data-redis\2.3.7.RELEASE\spring-boot-starter-data-redis-2.3.7.RELEASE.jar;F:\maven-repo\org\springframework\boot\spring-boot-starter\2.3.7.RELEASE\spring-boot-starter-2.3.7.RELEASE.jar;F:\maven-repo\org\springframework\boot\spring-boot\2.3.7.RELEASE\spring-boot-2.3.7.RELEASE.jar;F:\maven-repo\org\springframework\boot\spring-boot-autoconfigure\2.3.7.RELEASE\spring-boot-autoconfigure-2.3.7.RELEASE.jar;F:\maven-repo\org\springframework\boot\spring-boot-starter-logging\2.3.7.RELEASE\spring-boot-starter-logging-2.3.7.RELEASE.jar;F:\maven-repo\ch\qos\logback\logback-classic\1.2.3\logback-classic-1.2.3.jar;F:\maven-repo\ch\qos\logback\logback-core\1.2.3\logback-core-1.2.3.jar;F:\maven-repo\org\apache\logging\log4j\log4j-to-slf4j\2.13.3\log4j-to-slf4j-2.13.3.jar;F:\maven-repo\org\apache\logging\log4j\log4j-api\2.13.3\log4j-api-2.13.3.jar;F:\maven-repo\org\slf4j\jul-to-slf4j\1.7.30\jul-to-slf4j-1.7.30.jar;F:\maven-repo\jakarta\annotation\jakarta.annotation-api\1.3.5\jakarta.annotation-api-1.3.5.jar;F:\maven-repo\org\yaml\snakeyaml\1.26\snakeyaml-1.26.jar;F:\maven-repo\org\springframework\data\spring-data-redis\2.3.6.RELEASE\spring-data-redis-2.3.6.RELEASE.jar;F:\maven-repo\org\springframework\data\spring-data-keyvalue\2.3.6.RELEASE\spring-data-keyvalue-2.3.6.RELEASE.jar;F:\maven-repo\org\springframework\spring-tx\5.2.12.RELEASE\spring-tx-5.2.12.RELEASE.jar;F:\maven-repo\org\springframework\spring-oxm\5.2.12.RELEASE\spring-oxm-5.2.12.RELEASE.jar;F:\maven-repo\org\springframework\spring-aop\5.2.12.RELEASE\spring-aop-5.2.12.RELEASE.jar;F:\maven-repo\io\lettuce\lettuce-core\5.3.5.RELEASE\lettuce-core-5.3.5.RELEASE.jar;F:\maven-repo\io\netty\netty-common\4.1.55.Final\netty-common-4.1.55.Final.jar;F:\maven-repo\io\netty\netty-handler\4.1.55.Final\netty-handler-4.1.55.Final.jar;F:\maven-repo\io\netty\netty-resolver\4.1.55.Final\netty-resolver-4.1.55.Final.jar;F:\maven-repo\io\netty\netty-buffer\4.1.55.Final\netty-buffer-4.1.55.Final.jar;F:\maven-repo\io\netty\netty-codec\4.1.55.Final\netty-codec-4.1.55.Final.jar;F:\maven-repo\io\netty\netty-transport\4.1.55.Final\netty-transport-4.1.55.Final.jar;F:\maven-repo\io\projectreactor\reactor-core\3.3.12.RELEASE\reactor-core-3.3.12.RELEASE.jar;F:\maven-repo\org\reactivestreams\reactive-streams\1.0.3\reactive-streams-1.0.3.jar;F:\maven-repo\redis\clients\jedis\3.3.0\jedis-3.3.0.jar;F:\maven-repo\org\slf4j\slf4j-api\1.7.30\slf4j-api-1.7.30.jar;F:\maven-repo\org\apache\commons\commons-pool2\2.8.1\commons-pool2-2.8.1.jar;F:\maven-repo\org\springframework\boot\spring-boot-starter-mail\2.3.7.RELEASE\spring-boot-starter-mail-2.3.7.RELEASE.jar;F:\maven-repo\org\springframework\spring-context-support\5.2.12.RELEASE\spring-context-support-5.2.12.RELEASE.jar;F:\maven-repo\org\springframework\spring-beans\5.2.12.RELEASE\spring-beans-5.2.12.RELEASE.jar;F:\maven-repo\org\springframework\spring-context\5.2.12.RELEASE\spring-context-5.2.12.RELEASE.jar;F:\maven-repo\com\sun\mail\jakarta.mail\1.6.5\jakarta.mail-1.6.5.jar;F:\maven-repo\com\sun\activation\jakarta.activation\1.2.2\jakarta.activation-1.2.2.jar;F:\maven-repo\com\sun\mail\javax.mail\1.6.2\javax.mail-1.6.2.jar;F:\maven-repo\javax\activation\activation\1.1\activation-1.1.jar;F:\maven-repo\cn\hutool\hutool-all\5.8.3\hutool-all-5.8.3.jar;F:\maven-repo\org\springframework\boot\spring-boot-starter-data-jdbc\2.3.7.RELEASE\spring-boot-starter-data-jdbc-2.3.7.RELEASE.jar;F:\maven-repo\org\springframework\boot\spring-boot-starter-jdbc\2.3.7.RELEASE\spring-boot-starter-jdbc-2.3.7.RELEASE.jar;F:\maven-repo\com\zaxxer\HikariCP\3.4.5\HikariCP-3.4.5.jar;F:\maven-repo\org\springframework\spring-jdbc\5.2.12.RELEASE\spring-jdbc-5.2.12.RELEASE.jar;F:\maven-repo\org\springframework\data\spring-data-jdbc\2.0.6.RELEASE\spring-data-jdbc-2.0.6.RELEASE.jar;F:\maven-repo\org\springframework\data\spring-data-relational\2.0.6.RELEASE\spring-data-relational-2.0.6.RELEASE.jar;F:\maven-repo\org\springframework\data\spring-data-commons\2.3.6.RELEASE\spring-data-commons-2.3.6.RELEASE.jar;F:\maven-repo\org\mybatis\spring\boot\mybatis-spring-boot-starter\2.2.2\mybatis-spring-boot-starter-2.2.2.jar;F:\maven-repo\org\mybatis\spring\boot\mybatis-spring-boot-autoconfigure\2.2.2\mybatis-spring-boot-autoconfigure-2.2.2.jar;F:\maven-repo\org\mybatis\mybatis\3.5.9\mybatis-3.5.9.jar;F:\maven-repo\org\mybatis\mybatis-spring\2.0.7\mybatis-spring-2.0.7.jar;F:\maven-repo\mysql\mysql-connector-java\8.0.22\mysql-connector-java-8.0.22.jar;F:\maven-repo\org\projectlombok\lombok\1.18.16\lombok-1.18.16.jar;F:\maven-repo\org\springframework\boot\spring-boot-starter-test\2.3.7.RELEASE\spring-boot-starter-test-2.3.7.RELEASE.jar;F:\maven-repo\org\springframework\boot\spring-boot-test\2.3.7.RELEASE\spring-boot-test-2.3.7.RELEASE.jar;F:\maven-repo\org\springframework\boot\spring-boot-test-autoconfigure\2.3.7.RELEASE\spring-boot-test-autoconfigure-2.3.7.RELEASE.jar;F:\maven-repo\com\jayway\jsonpath\json-path\2.4.0\json-path-2.4.0.jar;F:\maven-repo\net\minidev\json-smart\2.3\json-smart-2.3.jar;F:\maven-repo\net\minidev\accessors-smart\1.2\accessors-smart-1.2.jar;F:\maven-repo\org\ow2\asm\asm\5.0.4\asm-5.0.4.jar;F:\maven-repo\jakarta\xml\bind\jakarta.xml.bind-api\2.3.3\jakarta.xml.bind-api-2.3.3.jar;F:\maven-repo\jakarta\activation\jakarta.activation-api\1.2.2\jakarta.activation-api-1.2.2.jar;F:\maven-repo\org\assertj\assertj-core\3.16.1\assertj-core-3.16.1.jar;F:\maven-repo\org\hamcrest\hamcrest\2.2\hamcrest-2.2.jar;F:\maven-repo\org\junit\jupiter\junit-jupiter\5.6.3\junit-jupiter-5.6.3.jar;F:\maven-repo\org\junit\jupiter\junit-jupiter-api\5.6.3\junit-jupiter-api-5.6.3.jar;F:\maven-repo\org\opentest4j\opentest4j\1.2.0\opentest4j-1.2.0.jar;F:\maven-repo\org\junit\platform\junit-platform-commons\1.6.3\junit-platform-commons-1.6.3.jar;F:\maven-repo\org\junit\jupiter\junit-jupiter-params\5.6.3\junit-jupiter-params-5.6.3.jar;F:\maven-repo\org\junit\jupiter\junit-jupiter-engine\5.6.3\junit-jupiter-engine-5.6.3.jar;F:\maven-repo\org\junit\vintage\junit-vintage-engine\5.6.3\junit-vintage-engine-5.6.3.jar;F:\maven-repo\org\apiguardian\apiguardian-api\1.1.0\apiguardian-api-1.1.0.jar;F:\maven-repo\org\junit\platform\junit-platform-engine\1.6.3\junit-platform-engine-1.6.3.jar;F:\maven-repo\junit\junit\4.13.1\junit-4.13.1.jar;F:\maven-repo\org\mockito\mockito-core\3.3.3\mockito-core-3.3.3.jar;F:\maven-repo\net\bytebuddy\byte-buddy\1.10.18\byte-buddy-1.10.18.jar;F:\maven-repo\net\bytebuddy\byte-buddy-agent\1.10.18\byte-buddy-agent-1.10.18.jar;F:\maven-repo\org\objenesis\objenesis\2.6\objenesis-2.6.jar;F:\maven-repo\org\mockito\mockito-junit-jupiter\3.3.3\mockito-junit-jupiter-3.3.3.jar;F:\maven-repo\org\skyscreamer\jsonassert\1.5.0\jsonassert-1.5.0.jar;F:\maven-repo\com\vaadin\external\google\android-json\0.0.20131108.vaadin1\android-json-0.0.20131108.vaadin1.jar;F:\maven-repo\org\springframework\spring-core\5.2.12.RELEASE\spring-core-5.2.12.RELEASE.jar;F:\maven-repo\org\springframework\spring-jcl\5.2.12.RELEASE\spring-jcl-5.2.12.RELEASE.jar;F:\maven-repo\org\springframework\spring-test\5.2.12.RELEASE\spring-test-5.2.12.RELEASE.jar;F:\maven-repo\org\xmlunit\xmlunit-core\2.7.0\xmlunit-core-2.7.0.jar;F:\maven-repo\org\springframework\boot\spring-boot-starter-web\2.3.7.RELEASE\spring-boot-starter-web-2.3.7.RELEASE.jar;F:\maven-repo\org\springframework\boot\spring-boot-starter-json\2.3.7.RELEASE\spring-boot-starter-json-2.3.7.RELEASE.jar;F:\maven-repo\com\fasterxml\jackson\datatype\jackson-datatype-jdk8\2.11.3\jackson-datatype-jdk8-2.11.3.jar;F:\maven-repo\com\fasterxml\jackson\datatype\jackson-datatype-jsr310\2.11.3\jackson-datatype-jsr310-2.11.3.jar;F:\maven-repo\com\fasterxml\jackson\module\jackson-module-parameter-names\2.11.3\jackson-module-parameter-names-2.11.3.jar;F:\maven-repo\org\springframework\boot\spring-boot-starter-tomcat\2.3.7.RELEASE\spring-boot-starter-tomcat-2.3.7.RELEASE.jar;F:\maven-repo\org\apache\tomcat\embed\tomcat-embed-core\9.0.41\tomcat-embed-core-9.0.41.jar;F:\maven-repo\org\glassfish\jakarta.el\3.0.3\jakarta.el-3.0.3.jar;F:\maven-repo\org\apache\tomcat\embed\tomcat-embed-websocket\9.0.41\tomcat-embed-websocket-9.0.41.jar;F:\maven-repo\org\springframework\spring-web\5.2.12.RELEASE\spring-web-5.2.12.RELEASE.jar;F:\maven-repo\org\springframework\spring-webmvc\5.2.12.RELEASE\spring-webmvc-5.2.12.RELEASE.jar;F:\maven-repo\org\springframework\spring-expression\5.2.12.RELEASE\spring-expression-5.2.12.RELEASE.jar;F:\maven-repo\io\springfox\springfox-swagger2\2.7.0\springfox-swagger2-2.7.0.jar;F:\maven-repo\io\swagger\swagger-annotations\1.5.13\swagger-annotations-1.5.13.jar;F:\maven-repo\io\swagger\swagger-models\1.5.13\swagger-models-1.5.13.jar;F:\maven-repo\io\springfox\springfox-spi\2.7.0\springfox-spi-2.7.0.jar;F:\maven-repo\io\springfox\springfox-core\2.7.0\springfox-core-2.7.0.jar;F:\maven-repo\io\springfox\springfox-schema\2.7.0\springfox-schema-2.7.0.jar;F:\maven-repo\io\springfox\springfox-swagger-common\2.7.0\springfox-swagger-common-2.7.0.jar;F:\maven-repo\io\springfox\springfox-spring-web\2.7.0\springfox-spring-web-2.7.0.jar;F:\maven-repo\org\reflections\reflections\0.9.11\reflections-0.9.11.jar;F:\maven-repo\org\javassist\javassist\3.21.0-GA\javassist-3.21.0-GA.jar;F:\maven-repo\com\google\guava\guava\18.0\guava-18.0.jar;F:\maven-repo\com\fasterxml\classmate\1.5.1\classmate-1.5.1.jar;F:\maven-repo\org\springframework\plugin\spring-plugin-core\1.2.0.RELEASE\spring-plugin-core-1.2.0.RELEASE.jar;F:\maven-repo\org\springframework\plugin\spring-plugin-metadata\1.2.0.RELEASE\spring-plugin-metadata-1.2.0.RELEASE.jar;F:\maven-repo\org\mapstruct\mapstruct\1.1.0.Final\mapstruct-1.1.0.Final.jar;F:\maven-repo\io\springfox\springfox-swagger-ui\2.7.0\springfox-swagger-ui-2.7.0.jar;F:\maven-repo\com\github\xiaoymin\knife4j-spring-boot-starter\2.0.4\knife4j-spring-boot-starter-2.0.4.jar;F:\maven-repo\com\github\xiaoymin\knife4j-spring-boot-autoconfigure\2.0.4\knife4j-spring-boot-autoconfigure-2.0.4.jar;F:\maven-repo\com\github\xiaoymin\knife4j-spring\2.0.4\knife4j-spring-2.0.4.jar;F:\maven-repo\com\github\xiaoymin\knife4j-annotations\2.0.4\knife4j-annotations-2.0.4.jar;F:\maven-repo\com\github\xiaoymin\knife4j-core\2.0.4\knife4j-core-2.0.4.jar;F:\maven-repo\io\springfox\springfox-bean-validators\2.9.2\springfox-bean-validators-2.9.2.jar;F:\maven-repo\com\github\xiaoymin\knife4j-spring-ui\2.0.4\knife4j-spring-ui-2.0.4.jar;F:\maven-repo\com\github\penggle\kaptcha\2.3.2\kaptcha-2.3.2.jar;F:\maven-repo\javax\servlet\javax.servlet-api\4.0.1\javax.servlet-api-4.0.1.jar;F:\maven-repo\com\jhlabs\filters\2.0.235-1\filters-2.0.235-1.jar;"/>
    <property name="sun.cpu.endian" value="little"/>
    <property name="user.home" value="C:\Users\86191"/>
    <property name="user.language" value="zh"/>
    <property name="java.specification.vendor" value="Oracle Corporation"/>
    <property name="java.home" value="E:\jdk\jdk1.8.0_251\jre"/>
    <property name="basedir" value="F:\idea\soccerPro"/>
    <property name="file.separator" value="\"/>
    <property name="line.separator" value="&#10;"/>
    <property name="java.vm.specification.vendor" value="Oracle Corporation"/>
    <property name="java.specification.name" value="Java Platform API Specification"/>
    <property name="java.awt.graphicsenv" value="sun.awt.Win32GraphicsEnvironment"/>
    <property name="surefire.real.class.path" value="C:\Users\86191\AppData\Local\Temp\surefire3339257679473970443\surefirebooter8961403201325793460.jar"/>
    <property name="sun.boot.class.path" value="E:\jdk\jdk1.8.0_251\jre\lib\resources.jar;E:\jdk\jdk1.8.0_251\jre\lib\rt.jar;E:\jdk\jdk1.8.0_251\jre\lib\sunrsasign.jar;E:\jdk\jdk1.8.0_251\jre\lib\jsse.jar;E:\jdk\jdk1.8.0_251\jre\lib\jce.jar;E:\jdk\jdk1.8.0_251\jre\lib\charsets.jar;E:\jdk\jdk1.8.0_251\jre\lib\jfr.jar;E:\jdk\jdk1.8.0_251\jre\classes"/>
    <property name="user.script" value=""/>
    <property name="sun.management.compiler" value="HotSpot 64-Bit Tiered Compilers"/>
    <property name="java.runtime.version" value="1.8.0_251-b08"/>
    <property name="user.name" value="86191"/>
    <property name="path.separator" value=";"/>
    <property name="os.version" value="10.0"/>
    <property name="java.endorsed.dirs" value="E:\jdk\jdk1.8.0_251\jre\lib\endorsed"/>
    <property name="java.runtime.name" value="Java(TM) SE Runtime Environment"/>
    <property name="file.encoding" value="GBK"/>
    <property name="java.vm.name" value="Java HotSpot(TM) 64-Bit Server VM"/>
    <property name="localRepository" value="F:\maven-repo"/>
    <property name="java.vendor.url.bug" value="http://bugreport.sun.com/bugreport/"/>
    <property name="java.io.tmpdir" value="C:\Users\86191\AppData\Local\Temp\"/>
    <property name="idea.version" value="2021.1.3"/>
    <property name="java.version" value="1.8.0_251"/>
    <property name="user.dir" value="F:\idea\soccerPro"/>
    <property name="os.arch" value="amd64"/>
    <property name="java.vm.specification.name" value="Java Virtual Machine Specification"/>
    <property name="java.awt.printerjob" value="sun.awt.windows.WPrinterJob"/>
    <property name="sun.os.patch.level" value=""/>
    <property name="java.library.path" value="E:\jdk\jdk1.8.0_251\jre\bin;C:\Windows\Sun\Java\bin;C:\Windows\system32;C:\Windows;F:\java_jdk\bin;F:\python\python\bin;C:\Program Files\Java\jdk-11.0.6\bin;C:\Program Files\NVIDIA GPU Computing Toolkit\CUDA\v10.0\bin;C:\Program Files\NVIDIA GPU Computing Toolkit\CUDA\v10.0\libnvvp;C:\Windows\system32;C:\Windows;C:\Windows\System32\Wbem;C:\Windows\System32\WindowsPowerShell\v1.0\;C:\Windows\System32\OpenSSH\;C:\Program Files (x86)\NVIDIA Corporation\PhysX\Common;C:\Program Files\NVIDIA Corporation\NVIDIA NvDLISR;E:\spss\SPSS25 64Bit\JRE\bin;C:\Program Files\dotnet\;C:\Program Files\Microsoft SQL Server\Client SDK\ODBC\170\Tools\Binn\;C:\Program Files (x86)\Microsoft SQL Server\150\Tools\Binn\;C:\Program Files\Microsoft SQL Server\150\Tools\Binn\;C:\Program Files\Microsoft SQL Server\150\DTS\Binn\;F:\python\Lib\site-packages\pyqt5_plugins\Qt\plugins\;E:\jdk\jdk1.8.0_251\bin;E:\jdk\jdk1.8.0_251\jre;C:\Program Files\MySQL\MySQL Server 8.0\bin;F:\software\apache-maven-3.8.4\bin;F:\software\xftp7\;F:\software\Xshell7\;F:\hadoop-3.1.0-yl\bin;E:\graphviz\windows_10_msbuild_Release_graphviz-3.0.0-win32\Graphviz\bin;F:\redis\Redis-x64-5.0.14.1;D:\py\Scripts\;D:\py\;F:\python\Scripts\;F:\python\;C:\Users\86191\AppData\Local\Microsoft\WindowsApps;E:\pycharm\PyCharm Community Edition 2021.3.2\bin;;C:\Users\86191\.dotnet\tools;E:\mysql\mysql-5.7.37-winx64\bin;;E:\idea\IntelliJ IDEA 2021.1.3\bin;;."/>
    <property name="java.vm.info" value="mixed mode"/>
    <property name="java.vendor" value="Oracle Corporation"/>
    <property name="java.vm.version" value="25.251-b08"/>
    <property name="java.ext.dirs" value="E:\jdk\jdk1.8.0_251\jre\lib\ext;C:\Windows\Sun\Java\lib\ext"/>
    <property name="sun.io.unicode.encoding" value="UnicodeLittle"/>
    <property name="java.class.version" value="52.0"/>
  </properties>
  <testcase name="contextLoads" classname="com.tangxy.soccerpro.SoccerProApplicationTests" time="0.143"/>
</testsuite>